[debug] [2024-07-25T11:30:20.264Z] ----------------------------------------------------------------------
[debug] [2024-07-25T11:30:20.267Z] Command:       C:\Program Files\nodejs\node.exe C:\Users\nancy\AppData\Roaming\npm\node_modules\firebase-tools\lib\bin\firebase.js emulators:start --only functions
[debug] [2024-07-25T11:30:20.268Z] CLI Version:   13.13.3
[debug] [2024-07-25T11:30:20.268Z] Platform:      win32
[debug] [2024-07-25T11:30:20.268Z] Node Version:  v20.13.1
[debug] [2024-07-25T11:30:20.268Z] Time:          Thu Jul 25 2024 14:30:20 GMT+0300 (East Africa Time)
[debug] [2024-07-25T11:30:20.269Z] ----------------------------------------------------------------------
[debug] 
[debug] [2024-07-25T11:30:20.516Z] > command requires scopes: ["email","openid","https://www.googleapis.com/auth/cloudplatformprojects.readonly","https://www.googleapis.com/auth/firebase","https://www.googleapis.com/auth/cloud-platform"]
[debug] [2024-07-25T11:30:20.517Z] > authorizing via signed-in user (nancy23tes@gmail.com)
[info] i  emulators: Starting emulators: functions {"metadata":{"emulator":{"name":"hub"},"message":"Starting emulators: functions"}}
[debug] [2024-07-25T11:30:20.534Z] [logging] Logging Emulator only supports listening on one address (127.0.0.1). Not listening on ::1
[debug] [2024-07-25T11:30:20.534Z] assigned listening specs for emulators {"user":{"hub":[{"address":"127.0.0.1","family":"IPv4","port":4400},{"address":"::1","family":"IPv6","port":4400}],"ui":[{"address":"127.0.0.1","family":"IPv4","port":4000},{"address":"::1","family":"IPv6","port":4000}],"logging":[{"address":"127.0.0.1","family":"IPv4","port":4500}]},"metadata":{"message":"assigned listening specs for emulators"}}
[debug] [2024-07-25T11:30:20.545Z] [hub] writing locator at C:\Users\nancy\AppData\Local\Temp\hub-clone-3fe73.json
[debug] [2024-07-25T11:30:20.607Z] [functions] Functions Emulator only supports listening on one address (127.0.0.1). Not listening on ::1
[debug] [2024-07-25T11:30:20.607Z] [eventarc] Eventarc Emulator only supports listening on one address (127.0.0.1). Not listening on ::1
[debug] [2024-07-25T11:30:20.608Z] late-assigned ports for functions and eventarc emulators {"user":{"hub":[{"address":"127.0.0.1","family":"IPv4","port":4400},{"address":"::1","family":"IPv6","port":4400}],"ui":[{"address":"127.0.0.1","family":"IPv4","port":4000},{"address":"::1","family":"IPv6","port":4000}],"logging":[{"address":"127.0.0.1","family":"IPv4","port":4500}],"functions":[{"address":"127.0.0.1","family":"IPv4","port":5001}],"eventarc":[{"address":"127.0.0.1","family":"IPv4","port":9299}]},"metadata":{"message":"late-assigned ports for functions and eventarc emulators"}}
[warn] !  functions: The following emulators are not running, calls to these services from the Functions emulator will affect production: auth, firestore, database, hosting, pubsub, storage, dataconnect {"metadata":{"emulator":{"name":"functions"},"message":"The following emulators are not running, calls to these services from the Functions emulator will affect production: \u001b[1mauth, firestore, database, hosting, pubsub, storage, dataconnect\u001b[22m"}}
[debug] [2024-07-25T11:30:20.616Z] defaultcredentials: writing to file C:\Users\nancy\AppData\Roaming\firebase\nancy23tes_gmail_com_application_default_credentials.json
[debug] [2024-07-25T11:30:20.620Z] Setting GAC to C:\Users\nancy\AppData\Roaming\firebase\nancy23tes_gmail_com_application_default_credentials.json {"metadata":{"emulator":{"name":"functions"},"message":"Setting GAC to C:\\Users\\nancy\\AppData\\Roaming\\firebase\\nancy23tes_gmail_com_application_default_credentials.json"}}
[debug] [2024-07-25T11:30:20.622Z] > refreshing access token with scopes: []
[debug] [2024-07-25T11:30:20.626Z] >>> [apiv2][query] POST https://www.googleapis.com/oauth2/v3/token [none]
[debug] [2024-07-25T11:30:20.626Z] >>> [apiv2][body] POST https://www.googleapis.com/oauth2/v3/token [omitted]
[debug] [2024-07-25T11:30:22.597Z] <<< [apiv2][status] POST https://www.googleapis.com/oauth2/v3/token 200
[debug] [2024-07-25T11:30:22.597Z] <<< [apiv2][body] POST https://www.googleapis.com/oauth2/v3/token [omitted]
[debug] [2024-07-25T11:30:22.612Z] >>> [apiv2][query] GET https://firebase.googleapis.com/v1beta1/projects/clone-3fe73/adminSdkConfig [none]
[debug] [2024-07-25T11:30:24.006Z] <<< [apiv2][status] GET https://firebase.googleapis.com/v1beta1/projects/clone-3fe73/adminSdkConfig 200
[debug] [2024-07-25T11:30:24.006Z] <<< [apiv2][body] GET https://firebase.googleapis.com/v1beta1/projects/clone-3fe73/adminSdkConfig {"projectId":"clone-3fe73","storageBucket":"clone-3fe73.appspot.com"}
[debug] [2024-07-25T11:30:24.028Z] Ignoring unsupported arg: auto_download {"metadata":{"emulator":{"name":"ui"},"message":"Ignoring unsupported arg: auto_download"}}
[debug] [2024-07-25T11:30:24.028Z] Ignoring unsupported arg: port {"metadata":{"emulator":{"name":"ui"},"message":"Ignoring unsupported arg: port"}}
[debug] [2024-07-25T11:30:24.029Z] Starting Emulator UI with command {"binary":"node","args":["C:\\Users\\nancy\\.cache\\firebase\\emulators\\ui-v1.12.1\\server\\server.mjs"],"optionalArgs":[],"joinArgs":false,"shell":false} {"metadata":{"emulator":{"name":"ui"},"message":"Starting Emulator UI with command {\"binary\":\"node\",\"args\":[\"C:\\\\Users\\\\nancy\\\\.cache\\\\firebase\\\\emulators\\\\ui-v1.12.1\\\\server\\\\server.mjs\"],\"optionalArgs\":[],\"joinArgs\":false,\"shell\":false}"}}
[info] i  ui: Emulator UI logging to ui-debug.log {"metadata":{"emulator":{"name":"ui"},"message":"Emulator UI logging to \u001b[1mui-debug.log\u001b[22m"}}
[debug] [2024-07-25T11:30:24.343Z] Web / API server started at 127.0.0.1:4000
 {"metadata":{"emulator":{"name":"ui"},"message":"Web / API server started at 127.0.0.1:4000\n"}}
[debug] [2024-07-25T11:30:24.343Z] Web / API server started at ::1:4000
 {"metadata":{"emulator":{"name":"ui"},"message":"Web / API server started at ::1:4000\n"}}
[info] i  functions: Watching "C:\Users\nancy\OneDrive\Desktop\Evangadi\Phase-4\Amazon\Amazon-Clone-Full-Stack-Application\Amazon-clone\functions" for Cloud Functions... {"metadata":{"emulator":{"name":"functions"},"message":"Watching \"C:\\Users\\nancy\\OneDrive\\Desktop\\Evangadi\\Phase-4\\Amazon\\Amazon-Clone-Full-Stack-Application\\Amazon-clone\\functions\" for Cloud Functions..."}}
[debug] [2024-07-25T11:30:24.470Z] Validating nodejs source
[debug] [2024-07-25T11:30:27.499Z] > [functions] package.json contents: {
  "name": "functions",
  "description": "Cloud Functions for Firebase",
  "scripts": {
    "serve": "firebase emulators:start --only functions",
    "shell": "firebase functions:shell",
    "start": "npm run shell",
    "deploy": "firebase deploy --only functions",
    "logs": "firebase functions:log"
  },
  "engines": {
    "node": "18"
  },
  "main": "index.js",
  "dependencies": {
    "cors": "^2.8.5",
    "dotenv": "^16.4.5",
    "express": "^4.19.2",
    "firebase-admin": "^12.1.0",
    "firebase-functions": "^5.0.0",
    "stripe": "^16.2.0"
  },
  "devDependencies": {
    "firebase-functions-test": "^3.1.0"
  },
  "private": true
}
[debug] [2024-07-25T11:30:27.499Z] Building nodejs source
[debug] [2024-07-25T11:30:27.500Z] Failed to find version of module node: reached end of search path C:\Users\nancy\OneDrive\Desktop\Evangadi\Phase-4\Amazon\Amazon-Clone-Full-Stack-Application\Amazon-clone\functions\node_modules
[warn] !  functions: Your requested "node" version "18" doesn't match your global version "20". Using node@20 from host. 
[info] i  functions: Loaded environment variables from .env. 
[debug] [2024-07-25T11:30:27.528Z] Could not find functions.yaml. Must use http discovery
[debug] [2024-07-25T11:30:27.542Z] Found firebase-functions binary at 'C:\Users\nancy\OneDrive\Desktop\Evangadi\Phase-4\Amazon\Amazon-Clone-Full-Stack-Application\Amazon-clone\functions\node_modules\.bin\firebase-functions'
[debug] [2024-07-25T11:30:27.690Z] [work-queue] {"queuedWork":["/clone-3fe73/us-central1/api/payment/create-2024-07-25T11:30:27.689Z"],"queueLength":1,"runningWork":[],"workRunningCount":0}
[debug] [2024-07-25T11:30:27.690Z] [work-queue] {"queuedWork":[],"queueLength":0,"runningWork":["/clone-3fe73/us-central1/api/payment/create-2024-07-25T11:30:27.689Z"],"workRunningCount":1}
[debug] [2024-07-25T11:30:27.695Z] [work-queue] {"queuedWork":[],"queueLength":0,"runningWork":[],"workRunningCount":0}
[info] Serving at port 8749

[debug] [2024-07-25T11:30:29.645Z] Got response from /__/functions.yaml {"endpoints":{"api":{"availableMemoryMb":null,"timeoutSeconds":null,"minInstances":null,"maxInstances":null,"ingressSettings":null,"concurrency":null,"serviceAccountEmail":null,"vpc":null,"platform":"gcfv2","labels":{},"httpsTrigger":{},"entryPoint":"api"}},"specVersion":"v1alpha1","requiredAPIs":[]}
[info] +  functions: Loaded functions definitions from source: api. {"metadata":{"emulator":{"name":"functions"},"message":"Loaded functions definitions from source: api."}}
[info] +  functions[us-central1-api]: http function initialized (http://127.0.0.1:5001/clone-3fe73/us-central1/api). {"metadata":{"emulator":{"name":"functions"},"message":"\u001b[1mhttp\u001b[22m function initialized (http://127.0.0.1:5001/clone-3fe73/us-central1/api)."}}
[info] 
┌─────────────────────────────────────────────────────────────┐
│ ✔  All emulators ready! It is now safe to connect your app. │
│ i  View Emulator UI at http://127.0.0.1:4000/               │
└─────────────────────────────────────────────────────────────┘

┌───────────┬────────────────┬─────────────────────────────────┐
│ Emulator  │ Host:Port      │ View in Emulator UI             │
├───────────┼────────────────┼─────────────────────────────────┤
│ Functions │ 127.0.0.1:5001 │ http://127.0.0.1:4000/functions │
└───────────┴────────────────┴─────────────────────────────────┘
  Emulator Hub running at 127.0.0.1:4400
  Other reserved ports: 4500

Issues? Report them at https://github.com/firebase/firebase-tools/issues and attach the *-debug.log files.
 
[debug] [2024-07-25T11:30:36.905Z] [work-queue] {"queuedWork":["/clone-3fe73/us-central1/api/payment/create-2024-07-25T11:30:36.905Z"],"queueLength":1,"runningWork":[],"workRunningCount":0}
[debug] [2024-07-25T11:30:36.906Z] [work-queue] {"queuedWork":[],"queueLength":0,"runningWork":["/clone-3fe73/us-central1/api/payment/create-2024-07-25T11:30:36.905Z"],"workRunningCount":1}
[debug] [2024-07-25T11:30:36.907Z] Accepted request POST /clone-3fe73/us-central1/api/payment/create?total=28200 --> us-central1-api
[debug] [2024-07-25T11:30:36.910Z] [functions] Runtime ready! Sending request! {"metadata":{"emulator":{"name":"functions"},"message":"[functions] Runtime ready! Sending request!"}}
[debug] [2024-07-25T11:30:36.911Z] [functions] Got req.url=/clone-3fe73/us-central1/api/payment/create?total=28200, mapping to path=/payment/create?total=28200 {"metadata":{"emulator":{"name":"functions"},"message":"[functions] Got req.url=/clone-3fe73/us-central1/api/payment/create?total=28200, mapping to path=/payment/create?total=28200"}}
[info] i  functions: Loaded environment variables from .env. 
[debug] [2024-07-25T11:30:36.937Z] [worker-pool] addWorker(us-central1-api) {"metadata":{"emulator":{"name":"functions"},"message":"[worker-pool] addWorker(us-central1-api)"}}
[debug] [2024-07-25T11:30:36.939Z] [worker-pool] Adding worker with key us-central1-api, total=1 {"metadata":{"emulator":{"name":"functions"},"message":"[worker-pool] Adding worker with key us-central1-api, total=1"}}
[debug] [2024-07-25T11:30:39.561Z] [runtime-status] [11552] Resolved module firebase-admin {"declared":true,"installed":true,"version":"12.2.0","resolution":"C:\\Users\\nancy\\OneDrive\\Desktop\\Evangadi\\Phase-4\\Amazon\\Amazon-Clone-Full-Stack-Application\\Amazon-clone\\functions\\node_modules\\firebase-admin\\lib\\index.js"} {"metadata":{"emulator":{"name":"functions"},"function":{"name":"us-central1-api"},"extension":{},"message":"[runtime-status] [11552] Resolved module firebase-admin {\"declared\":true,\"installed\":true,\"version\":\"12.2.0\",\"resolution\":\"C:\\\\Users\\\\nancy\\\\OneDrive\\\\Desktop\\\\Evangadi\\\\Phase-4\\\\Amazon\\\\Amazon-Clone-Full-Stack-Application\\\\Amazon-clone\\\\functions\\\\node_modules\\\\firebase-admin\\\\lib\\\\index.js\"}"}}
[debug] [2024-07-25T11:30:39.563Z] [runtime-status] [11552] Resolved module firebase-functions {"declared":true,"installed":true,"version":"5.0.1","resolution":"C:\\Users\\nancy\\OneDrive\\Desktop\\Evangadi\\Phase-4\\Amazon\\Amazon-Clone-Full-Stack-Application\\Amazon-clone\\functions\\node_modules\\firebase-functions\\lib\\v1\\index.js"} {"metadata":{"emulator":{"name":"functions"},"function":{"name":"us-central1-api"},"extension":{},"message":"[runtime-status] [11552] Resolved module firebase-functions {\"declared\":true,\"installed\":true,\"version\":\"5.0.1\",\"resolution\":\"C:\\\\Users\\\\nancy\\\\OneDrive\\\\Desktop\\\\Evangadi\\\\Phase-4\\\\Amazon\\\\Amazon-Clone-Full-Stack-Application\\\\Amazon-clone\\\\functions\\\\node_modules\\\\firebase-functions\\\\lib\\\\v1\\\\index.js\"}"}}
[debug] [2024-07-25T11:30:39.564Z] [runtime-status] [11552] Outgoing network have been stubbed. [{"name":"http","status":"mocked"},{"name":"http","status":"mocked"},{"name":"https","status":"mocked"},{"name":"https","status":"mocked"},{"name":"net","status":"mocked"}] {"metadata":{"emulator":{"name":"functions"},"function":{"name":"us-central1-api"},"extension":{},"message":"[runtime-status] [11552] Outgoing network have been stubbed. [{\"name\":\"http\",\"status\":\"mocked\"},{\"name\":\"http\",\"status\":\"mocked\"},{\"name\":\"https\",\"status\":\"mocked\"},{\"name\":\"https\",\"status\":\"mocked\"},{\"name\":\"net\",\"status\":\"mocked\"}]"}}
[debug] [2024-07-25T11:30:39.565Z] [runtime-status] [11552] Resolved module firebase-functions {"declared":true,"installed":true,"version":"5.0.1","resolution":"C:\\Users\\nancy\\OneDrive\\Desktop\\Evangadi\\Phase-4\\Amazon\\Amazon-Clone-Full-Stack-Application\\Amazon-clone\\functions\\node_modules\\firebase-functions\\lib\\v1\\index.js"} {"metadata":{"emulator":{"name":"functions"},"function":{"name":"us-central1-api"},"extension":{},"message":"[runtime-status] [11552] Resolved module firebase-functions {\"declared\":true,\"installed\":true,\"version\":\"5.0.1\",\"resolution\":\"C:\\\\Users\\\\nancy\\\\OneDrive\\\\Desktop\\\\Evangadi\\\\Phase-4\\\\Amazon\\\\Amazon-Clone-Full-Stack-Application\\\\Amazon-clone\\\\functions\\\\node_modules\\\\firebase-functions\\\\lib\\\\v1\\\\index.js\"}"}}
[debug] [2024-07-25T11:30:40.222Z] [runtime-status] [11552] Checked functions.config() {"config":{}} {"metadata":{"emulator":{"name":"functions"},"function":{"name":"us-central1-api"},"extension":{},"message":"[runtime-status] [11552] Checked functions.config() {\"config\":{}}"}}
[debug] [2024-07-25T11:30:40.224Z] [runtime-status] [11552] firebase-functions has been stubbed. {"functionsResolution":{"declared":true,"installed":true,"version":"5.0.1","resolution":"C:\\Users\\nancy\\OneDrive\\Desktop\\Evangadi\\Phase-4\\Amazon\\Amazon-Clone-Full-Stack-Application\\Amazon-clone\\functions\\node_modules\\firebase-functions\\lib\\v1\\index.js"}} {"metadata":{"emulator":{"name":"functions"},"function":{"name":"us-central1-api"},"extension":{},"message":"[runtime-status] [11552] firebase-functions has been stubbed. {\"functionsResolution\":{\"declared\":true,\"installed\":true,\"version\":\"5.0.1\",\"resolution\":\"C:\\\\Users\\\\nancy\\\\OneDrive\\\\Desktop\\\\Evangadi\\\\Phase-4\\\\Amazon\\\\Amazon-Clone-Full-Stack-Application\\\\Amazon-clone\\\\functions\\\\node_modules\\\\firebase-functions\\\\lib\\\\v1\\\\index.js\"}}"}}
[debug] [2024-07-25T11:30:40.224Z] [runtime-status] [11552] Resolved module firebase-functions {"declared":true,"installed":true,"version":"5.0.1","resolution":"C:\\Users\\nancy\\OneDrive\\Desktop\\Evangadi\\Phase-4\\Amazon\\Amazon-Clone-Full-Stack-Application\\Amazon-clone\\functions\\node_modules\\firebase-functions\\lib\\v1\\index.js"} {"metadata":{"emulator":{"name":"functions"},"function":{"name":"us-central1-api"},"extension":{},"message":"[runtime-status] [11552] Resolved module firebase-functions {\"declared\":true,\"installed\":true,\"version\":\"5.0.1\",\"resolution\":\"C:\\\\Users\\\\nancy\\\\OneDrive\\\\Desktop\\\\Evangadi\\\\Phase-4\\\\Amazon\\\\Amazon-Clone-Full-Stack-Application\\\\Amazon-clone\\\\functions\\\\node_modules\\\\firebase-functions\\\\lib\\\\v1\\\\index.js\"}"}}
[debug] [2024-07-25T11:30:40.226Z] [runtime-status] [11552] Resolved module firebase-admin {"declared":true,"installed":true,"version":"12.2.0","resolution":"C:\\Users\\nancy\\OneDrive\\Desktop\\Evangadi\\Phase-4\\Amazon\\Amazon-Clone-Full-Stack-Application\\Amazon-clone\\functions\\node_modules\\firebase-admin\\lib\\index.js"} {"metadata":{"emulator":{"name":"functions"},"function":{"name":"us-central1-api"},"extension":{},"message":"[runtime-status] [11552] Resolved module firebase-admin {\"declared\":true,\"installed\":true,\"version\":\"12.2.0\",\"resolution\":\"C:\\\\Users\\\\nancy\\\\OneDrive\\\\Desktop\\\\Evangadi\\\\Phase-4\\\\Amazon\\\\Amazon-Clone-Full-Stack-Application\\\\Amazon-clone\\\\functions\\\\node_modules\\\\firebase-admin\\\\lib\\\\index.js\"}"}}
[debug] [2024-07-25T11:30:40.232Z] [runtime-status] [11552] Resolved module firebase-functions {"declared":true,"installed":true,"version":"5.0.1","resolution":"C:\\Users\\nancy\\OneDrive\\Desktop\\Evangadi\\Phase-4\\Amazon\\Amazon-Clone-Full-Stack-Application\\Amazon-clone\\functions\\node_modules\\firebase-functions\\lib\\v1\\index.js"} {"metadata":{"emulator":{"name":"functions"},"function":{"name":"us-central1-api"},"extension":{},"message":"[runtime-status] [11552] Resolved module firebase-functions {\"declared\":true,\"installed\":true,\"version\":\"5.0.1\",\"resolution\":\"C:\\\\Users\\\\nancy\\\\OneDrive\\\\Desktop\\\\Evangadi\\\\Phase-4\\\\Amazon\\\\Amazon-Clone-Full-Stack-Application\\\\Amazon-clone\\\\functions\\\\node_modules\\\\firebase-functions\\\\lib\\\\v1\\\\index.js\"}"}}
[debug] [2024-07-25T11:30:40.233Z] [runtime-status] [11552] firebase-admin has been stubbed. {"adminResolution":{"declared":true,"installed":true,"version":"12.2.0","resolution":"C:\\Users\\nancy\\OneDrive\\Desktop\\Evangadi\\Phase-4\\Amazon\\Amazon-Clone-Full-Stack-Application\\Amazon-clone\\functions\\node_modules\\firebase-admin\\lib\\index.js"}} {"metadata":{"emulator":{"name":"functions"},"function":{"name":"us-central1-api"},"extension":{},"message":"[runtime-status] [11552] firebase-admin has been stubbed. {\"adminResolution\":{\"declared\":true,\"installed\":true,\"version\":\"12.2.0\",\"resolution\":\"C:\\\\Users\\\\nancy\\\\OneDrive\\\\Desktop\\\\Evangadi\\\\Phase-4\\\\Amazon\\\\Amazon-Clone-Full-Stack-Application\\\\Amazon-clone\\\\functions\\\\node_modules\\\\firebase-admin\\\\lib\\\\index.js\"}}"}}
[debug] [2024-07-25T11:30:40.606Z] [runtime-status] [11552] Functions runtime initialized. {"cwd":"C:\\Users\\nancy\\OneDrive\\Desktop\\Evangadi\\Phase-4\\Amazon\\Amazon-Clone-Full-Stack-Application\\Amazon-clone\\functions","node_version":"20.13.1"} {"metadata":{"emulator":{"name":"functions"},"function":{"name":"us-central1-api"},"extension":{},"message":"[runtime-status] [11552] Functions runtime initialized. {\"cwd\":\"C:\\\\Users\\\\nancy\\\\OneDrive\\\\Desktop\\\\Evangadi\\\\Phase-4\\\\Amazon\\\\Amazon-Clone-Full-Stack-Application\\\\Amazon-clone\\\\functions\",\"node_version\":\"20.13.1\"}"}}
[debug] [2024-07-25T11:30:40.608Z] [runtime-status] [11552] Listening to port: \\?\pipe\fire_emu_bd16a1f33a9dbac2 {"metadata":{"emulator":{"name":"functions"},"function":{"name":"us-central1-api"},"extension":{},"message":"[runtime-status] [11552] Listening to port: \\\\?\\pipe\\fire_emu_bd16a1f33a9dbac2"}}
[debug] [2024-07-25T11:30:40.646Z] [worker-us-central1-api-d2bf0194-b877-49c7-947c-92a59cbd0282]: IDLE {"metadata":{"emulator":{"name":"functions"},"function":{"name":"us-central1-api"},"extension":{},"message":"[worker-us-central1-api-d2bf0194-b877-49c7-947c-92a59cbd0282]: IDLE"}}
[debug] [2024-07-25T11:30:40.647Z] [worker-pool] submitRequest(triggerId=us-central1-api) {"metadata":{"emulator":{"name":"functions"},"message":"[worker-pool] submitRequest(triggerId=us-central1-api)"}}
[info] i  functions: Beginning execution of "us-central1-api" {"metadata":{"emulator":{"name":"functions"},"function":{"name":"us-central1-api"},"extension":{},"message":"Beginning execution of \"us-central1-api\""}}
[debug] [2024-07-25T11:30:40.649Z] [worker-us-central1-api-d2bf0194-b877-49c7-947c-92a59cbd0282]: BUSY {"metadata":{"emulator":{"name":"functions"},"function":{"name":"us-central1-api"},"extension":{},"message":"[worker-us-central1-api-d2bf0194-b877-49c7-947c-92a59cbd0282]: BUSY"}}
[debug] [2024-07-25T11:30:42.215Z] Finishing up request with event=pause {"metadata":{"emulator":{"name":"functions"},"function":{"name":"us-central1-api"},"extension":{},"message":"Finishing up request with event=pause"}}
[info] i  functions: Finished "us-central1-api" in 1566.9501ms {"metadata":{"emulator":{"name":"functions"},"function":{"name":"us-central1-api"},"extension":{},"message":"Finished \"us-central1-api\" in 1566.9501ms"}}
[debug] [2024-07-25T11:30:42.220Z] [worker-us-central1-api-d2bf0194-b877-49c7-947c-92a59cbd0282]: IDLE {"metadata":{"emulator":{"name":"functions"},"function":{"name":"us-central1-api"},"extension":{},"message":"[worker-us-central1-api-d2bf0194-b877-49c7-947c-92a59cbd0282]: IDLE"}}
[debug] [2024-07-25T11:30:42.220Z] Finishing up request with event=finish {"metadata":{"emulator":{"name":"functions"},"function":{"name":"us-central1-api"},"extension":{},"message":"Finishing up request with event=finish"}}
[debug] [2024-07-25T11:30:42.220Z] Finishing up request with event=close {"metadata":{"emulator":{"name":"functions"},"function":{"name":"us-central1-api"},"extension":{},"message":"Finishing up request with event=close"}}
[debug] [2024-07-25T11:30:42.221Z] [work-queue] {"queuedWork":[],"queueLength":0,"runningWork":[],"workRunningCount":0}
[debug] [2024-07-25T11:35:28.583Z] [work-queue] {"queuedWork":["/clone-3fe73/us-central1/api/payment/create-2024-07-25T11:35:28.583Z"],"queueLength":1,"runningWork":[],"workRunningCount":0}
[debug] [2024-07-25T11:35:28.584Z] [work-queue] {"queuedWork":[],"queueLength":0,"runningWork":["/clone-3fe73/us-central1/api/payment/create-2024-07-25T11:35:28.583Z"],"workRunningCount":1}
[debug] [2024-07-25T11:35:28.584Z] Accepted request POST /clone-3fe73/us-central1/api/payment/create?total=28200 --> us-central1-api
[debug] [2024-07-25T11:35:28.588Z] [functions] Runtime ready! Sending request! {"metadata":{"emulator":{"name":"functions"},"message":"[functions] Runtime ready! Sending request!"}}
[debug] [2024-07-25T11:35:28.588Z] [functions] Got req.url=/clone-3fe73/us-central1/api/payment/create?total=28200, mapping to path=/payment/create?total=28200 {"metadata":{"emulator":{"name":"functions"},"message":"[functions] Got req.url=/clone-3fe73/us-central1/api/payment/create?total=28200, mapping to path=/payment/create?total=28200"}}
[debug] [2024-07-25T11:35:28.589Z] [worker-pool] submitRequest(triggerId=us-central1-api) {"metadata":{"emulator":{"name":"functions"},"message":"[worker-pool] submitRequest(triggerId=us-central1-api)"}}
[info] i  functions: Beginning execution of "us-central1-api" {"metadata":{"emulator":{"name":"functions"},"function":{"name":"us-central1-api"},"extension":{},"message":"Beginning execution of \"us-central1-api\""}}
[debug] [2024-07-25T11:35:28.591Z] [worker-us-central1-api-d2bf0194-b877-49c7-947c-92a59cbd0282]: BUSY {"metadata":{"emulator":{"name":"functions"},"function":{"name":"us-central1-api"},"extension":{},"message":"[worker-us-central1-api-d2bf0194-b877-49c7-947c-92a59cbd0282]: BUSY"}}
[debug] [2024-07-25T11:35:29.622Z] Finishing up request with event=pause {"metadata":{"emulator":{"name":"functions"},"function":{"name":"us-central1-api"},"extension":{},"message":"Finishing up request with event=pause"}}
[info] i  functions: Finished "us-central1-api" in 1031.3897ms {"metadata":{"emulator":{"name":"functions"},"function":{"name":"us-central1-api"},"extension":{},"message":"Finished \"us-central1-api\" in 1031.3897ms"}}
[debug] [2024-07-25T11:35:29.624Z] [worker-us-central1-api-d2bf0194-b877-49c7-947c-92a59cbd0282]: IDLE {"metadata":{"emulator":{"name":"functions"},"function":{"name":"us-central1-api"},"extension":{},"message":"[worker-us-central1-api-d2bf0194-b877-49c7-947c-92a59cbd0282]: IDLE"}}
[debug] [2024-07-25T11:35:29.624Z] Finishing up request with event=finish {"metadata":{"emulator":{"name":"functions"},"function":{"name":"us-central1-api"},"extension":{},"message":"Finishing up request with event=finish"}}
[debug] [2024-07-25T11:35:29.624Z] Finishing up request with event=close {"metadata":{"emulator":{"name":"functions"},"function":{"name":"us-central1-api"},"extension":{},"message":"Finishing up request with event=close"}}
[debug] [2024-07-25T11:35:29.625Z] [work-queue] {"queuedWork":[],"queueLength":0,"runningWork":[],"workRunningCount":0}
[debug] [2024-07-25T11:37:51.431Z] [work-queue] {"queuedWork":["/clone-3fe73/us-central1/api/payment/create-2024-07-25T11:37:51.430Z"],"queueLength":1,"runningWork":[],"workRunningCount":0}
[debug] [2024-07-25T11:37:51.431Z] [work-queue] {"queuedWork":[],"queueLength":0,"runningWork":["/clone-3fe73/us-central1/api/payment/create-2024-07-25T11:37:51.430Z"],"workRunningCount":1}
[debug] [2024-07-25T11:37:51.431Z] Accepted request POST /clone-3fe73/us-central1/api/payment/create?total=4460 --> us-central1-api
[debug] [2024-07-25T11:37:51.436Z] [functions] Runtime ready! Sending request! {"metadata":{"emulator":{"name":"functions"},"message":"[functions] Runtime ready! Sending request!"}}
[debug] [2024-07-25T11:37:51.437Z] [functions] Got req.url=/clone-3fe73/us-central1/api/payment/create?total=4460, mapping to path=/payment/create?total=4460 {"metadata":{"emulator":{"name":"functions"},"message":"[functions] Got req.url=/clone-3fe73/us-central1/api/payment/create?total=4460, mapping to path=/payment/create?total=4460"}}
[debug] [2024-07-25T11:37:51.437Z] [worker-pool] submitRequest(triggerId=us-central1-api) {"metadata":{"emulator":{"name":"functions"},"message":"[worker-pool] submitRequest(triggerId=us-central1-api)"}}
[info] i  functions: Beginning execution of "us-central1-api" {"metadata":{"emulator":{"name":"functions"},"function":{"name":"us-central1-api"},"extension":{},"message":"Beginning execution of \"us-central1-api\""}}
[debug] [2024-07-25T11:37:51.439Z] [worker-us-central1-api-d2bf0194-b877-49c7-947c-92a59cbd0282]: BUSY {"metadata":{"emulator":{"name":"functions"},"function":{"name":"us-central1-api"},"extension":{},"message":"[worker-us-central1-api-d2bf0194-b877-49c7-947c-92a59cbd0282]: BUSY"}}
[debug] [2024-07-25T11:37:53.207Z] Finishing up request with event=pause {"metadata":{"emulator":{"name":"functions"},"function":{"name":"us-central1-api"},"extension":{},"message":"Finishing up request with event=pause"}}
[info] i  functions: Finished "us-central1-api" in 1769.0906ms {"metadata":{"emulator":{"name":"functions"},"function":{"name":"us-central1-api"},"extension":{},"message":"Finished \"us-central1-api\" in 1769.0906ms"}}
[debug] [2024-07-25T11:37:53.209Z] [worker-us-central1-api-d2bf0194-b877-49c7-947c-92a59cbd0282]: IDLE {"metadata":{"emulator":{"name":"functions"},"function":{"name":"us-central1-api"},"extension":{},"message":"[worker-us-central1-api-d2bf0194-b877-49c7-947c-92a59cbd0282]: IDLE"}}
[debug] [2024-07-25T11:37:53.209Z] Finishing up request with event=finish {"metadata":{"emulator":{"name":"functions"},"function":{"name":"us-central1-api"},"extension":{},"message":"Finishing up request with event=finish"}}
[debug] [2024-07-25T11:37:53.210Z] Finishing up request with event=close {"metadata":{"emulator":{"name":"functions"},"function":{"name":"us-central1-api"},"extension":{},"message":"Finishing up request with event=close"}}
[debug] [2024-07-25T11:37:53.210Z] [work-queue] {"queuedWork":[],"queueLength":0,"runningWork":[],"workRunningCount":0}
[debug] [2024-07-25T11:48:17.346Z] [work-queue] {"queuedWork":["/clone-3fe73/us-central1/api/payment/create-2024-07-25T11:48:17.346Z"],"queueLength":1,"runningWork":[],"workRunningCount":0}
[debug] [2024-07-25T11:48:17.346Z] [work-queue] {"queuedWork":[],"queueLength":0,"runningWork":["/clone-3fe73/us-central1/api/payment/create-2024-07-25T11:48:17.346Z"],"workRunningCount":1}
[debug] [2024-07-25T11:48:17.347Z] Accepted request POST /clone-3fe73/us-central1/api/payment/create?total=1599 --> us-central1-api
[debug] [2024-07-25T11:48:17.352Z] [functions] Runtime ready! Sending request! {"metadata":{"emulator":{"name":"functions"},"message":"[functions] Runtime ready! Sending request!"}}
[debug] [2024-07-25T11:48:17.353Z] [functions] Got req.url=/clone-3fe73/us-central1/api/payment/create?total=1599, mapping to path=/payment/create?total=1599 {"metadata":{"emulator":{"name":"functions"},"message":"[functions] Got req.url=/clone-3fe73/us-central1/api/payment/create?total=1599, mapping to path=/payment/create?total=1599"}}
[debug] [2024-07-25T11:48:17.353Z] [worker-pool] submitRequest(triggerId=us-central1-api) {"metadata":{"emulator":{"name":"functions"},"message":"[worker-pool] submitRequest(triggerId=us-central1-api)"}}
[info] i  functions: Beginning execution of "us-central1-api" {"metadata":{"emulator":{"name":"functions"},"function":{"name":"us-central1-api"},"extension":{},"message":"Beginning execution of \"us-central1-api\""}}
[debug] [2024-07-25T11:48:17.371Z] [worker-us-central1-api-d2bf0194-b877-49c7-947c-92a59cbd0282]: BUSY {"metadata":{"emulator":{"name":"functions"},"function":{"name":"us-central1-api"},"extension":{},"message":"[worker-us-central1-api-d2bf0194-b877-49c7-947c-92a59cbd0282]: BUSY"}}
[debug] [2024-07-25T11:48:19.577Z] Finishing up request with event=pause {"metadata":{"emulator":{"name":"functions"},"function":{"name":"us-central1-api"},"extension":{},"message":"Finishing up request with event=pause"}}
[info] i  functions: Finished "us-central1-api" in 2205.9494ms {"metadata":{"emulator":{"name":"functions"},"function":{"name":"us-central1-api"},"extension":{},"message":"Finished \"us-central1-api\" in 2205.9494ms"}}
[debug] [2024-07-25T11:48:19.578Z] [worker-us-central1-api-d2bf0194-b877-49c7-947c-92a59cbd0282]: IDLE {"metadata":{"emulator":{"name":"functions"},"function":{"name":"us-central1-api"},"extension":{},"message":"[worker-us-central1-api-d2bf0194-b877-49c7-947c-92a59cbd0282]: IDLE"}}
[debug] [2024-07-25T11:48:19.579Z] Finishing up request with event=finish {"metadata":{"emulator":{"name":"functions"},"function":{"name":"us-central1-api"},"extension":{},"message":"Finishing up request with event=finish"}}
[debug] [2024-07-25T11:48:19.580Z] Finishing up request with event=close {"metadata":{"emulator":{"name":"functions"},"function":{"name":"us-central1-api"},"extension":{},"message":"Finishing up request with event=close"}}
[debug] [2024-07-25T11:48:19.581Z] [work-queue] {"queuedWork":[],"queueLength":0,"runningWork":[],"workRunningCount":0}
[debug] [2024-07-25T11:59:55.436Z] ----------------------------------------------------------------------
[debug] [2024-07-25T11:59:55.439Z] Command:       C:\Program Files\nodejs\node.exe C:\Users\nancy\AppData\Roaming\npm\node_modules\firebase-tools\lib\bin\firebase.js login
[debug] [2024-07-25T11:59:55.440Z] CLI Version:   13.13.3
[debug] [2024-07-25T11:59:55.440Z] Platform:      win32
[debug] [2024-07-25T11:59:55.440Z] Node Version:  v20.13.1
[debug] [2024-07-25T11:59:55.440Z] Time:          Thu Jul 25 2024 14:59:55 GMT+0300 (East Africa Time)
[debug] [2024-07-25T11:59:55.441Z] ----------------------------------------------------------------------
[debug] 
[info] Already logged in as nancy23tes@gmail.com
